(node:44064) [DEP0025] DeprecationWarning: sys is deprecated. Use util instead.
(node:44064) DeprecationWarning: current Server Discovery and Monitoring engine is deprecated, and will be removed in a future version. To use the new Server Discover and Monitoring engine, pass option { useUnifiedTopology: true } to the MongoClient constructor.
You have triggered an unhandledRejection, you may have forgotten to catch a Promise rejection:
MongoNetworkError: failed to connect to server [ds211275.mlab.com:11275] on first connect [MongoError: Authentication failed.
    at Function._getError (/Users/caiomajdalani/Workspaces/code/backend/payments-api/node_modules/mongodb/lib/core/auth/scram.js:125:14)
    at /Users/caiomajdalani/Workspaces/code/backend/payments-api/node_modules/mongodb/lib/core/auth/scram.js:175:31
    at _callback (/Users/caiomajdalani/Workspaces/code/backend/payments-api/node_modules/mongodb/lib/core/connection/connect.js:320:5)
    at Connection.messageHandler (/Users/caiomajdalani/Workspaces/code/backend/payments-api/node_modules/mongodb/lib/core/connection/connect.js:349:5)
    at Connection.emit (events.js:210:5)
    at processMessage (/Users/caiomajdalani/Workspaces/code/backend/payments-api/node_modules/mongodb/lib/core/connection/connection.js:368:10)
    at Socket.<anonymous> (/Users/caiomajdalani/Workspaces/code/backend/payments-api/node_modules/mongodb/lib/core/connection/connection.js:537:15)
    at Socket.emit (events.js:210:5)
    at addChunk (_stream_readable.js:308:12)
    at readableAddChunk (_stream_readable.js:289:11)
    at Socket.Readable.push (_stream_readable.js:223:10)
    at TCP.onStreamRead [as _originalOnread] (internal/stream_base_commons.js:182:23) {
  name: 'MongoError',
  [Symbol(mongoErrorContextSymbol)]: {}
}]
    at Pool.<anonymous> (/Users/caiomajdalani/Workspaces/code/backend/payments-api/node_modules/mongodb/lib/core/topologies/server.js:433:11)
    at Pool.emit (events.js:210:5)
    at /Users/caiomajdalani/Workspaces/code/backend/payments-api/node_modules/mongodb/lib/core/connection/pool.js:571:14
    at /Users/caiomajdalani/Workspaces/code/backend/payments-api/node_modules/mongodb/lib/core/connection/pool.js:994:11
    at callback (/Users/caiomajdalani/Workspaces/code/backend/payments-api/node_modules/mongodb/lib/core/connection/connect.js:110:5)
    at /Users/caiomajdalani/Workspaces/code/backend/payments-api/node_modules/mongodb/lib/core/connection/connect.js:367:21
    at /Users/caiomajdalani/Workspaces/code/backend/payments-api/node_modules/mongodb/lib/core/auth/auth_provider.js:66:11
    at /Users/caiomajdalani/Workspaces/code/backend/payments-api/node_modules/mongodb/lib/core/auth/scram.js:177:16
    at _callback (/Users/caiomajdalani/Workspaces/code/backend/payments-api/node_modules/mongodb/lib/core/connection/connect.js:320:5)
    at Connection.messageHandler (/Users/caiomajdalani/Workspaces/code/backend/payments-api/node_modules/mongodb/lib/core/connection/connect.js:349:5)
    at Connection.emit (events.js:210:5)
    at processMessage (/Users/caiomajdalani/Workspaces/code/backend/payments-api/node_modules/mongodb/lib/core/connection/connection.js:368:10)
    at Socket.<anonymous> (/Users/caiomajdalani/Workspaces/code/backend/payments-api/node_modules/mongodb/lib/core/connection/connection.js:537:15)
    at Socket.emit (events.js:210:5)
    at addChunk (_stream_readable.js:308:12)
    at readableAddChunk (_stream_readable.js:289:11)
    at Socket.Readable.push (_stream_readable.js:223:10)
    at TCP.onStreamRead [as _originalOnread] (internal/stream_base_commons.js:182:23)
[*] REASON =>  MongoNetworkError: failed to connect to server [ds211275.mlab.com:11275] on first connect [MongoError: Authentication failed.
    at Function._getError (/Users/caiomajdalani/Workspaces/code/backend/payments-api/node_modules/mongodb/lib/core/auth/scram.js:125:14)
    at /Users/caiomajdalani/Workspaces/code/backend/payments-api/node_modules/mongodb/lib/core/auth/scram.js:175:31
    at _callback (/Users/caiomajdalani/Workspaces/code/backend/payments-api/node_modules/mongodb/lib/core/connection/connect.js:320:5)
    at Connection.messageHandler (/Users/caiomajdalani/Workspaces/code/backend/payments-api/node_modules/mongodb/lib/core/connection/connect.js:349:5)
    at Connection.emit (events.js:210:5)
    at processMessage (/Users/caiomajdalani/Workspaces/code/backend/payments-api/node_modules/mongodb/lib/core/connection/connection.js:368:10)
    at Socket.<anonymous> (/Users/caiomajdalani/Workspaces/code/backend/payments-api/node_modules/mongodb/lib/core/connection/connection.js:537:15)
    at Socket.emit (events.js:210:5)
    at addChunk (_stream_readable.js:308:12)
    at readableAddChunk (_stream_readable.js:289:11)
    at Socket.Readable.push (_stream_readable.js:223:10)
    at TCP.onStreamRead [as _originalOnread] (internal/stream_base_commons.js:182:23) {
  name: 'MongoError',
  [Symbol(mongoErrorContextSymbol)]: {}
}]
    at Pool.<anonymous> (/Users/caiomajdalani/Workspaces/code/backend/payments-api/node_modules/mongodb/lib/core/topologies/server.js:433:11)
    at Pool.emit (events.js:210:5)
    at /Users/caiomajdalani/Workspaces/code/backend/payments-api/node_modules/mongodb/lib/core/connection/pool.js:571:14
    at /Users/caiomajdalani/Workspaces/code/backend/payments-api/node_modules/mongodb/lib/core/connection/pool.js:994:11
    at callback (/Users/caiomajdalani/Workspaces/code/backend/payments-api/node_modules/mongodb/lib/core/connection/connect.js:110:5)
    at /Users/caiomajdalani/Workspaces/code/backend/payments-api/node_modules/mongodb/lib/core/connection/connect.js:367:21
    at /Users/caiomajdalani/Workspaces/code/backend/payments-api/node_modules/mongodb/lib/core/auth/auth_provider.js:66:11
    at /Users/caiomajdalani/Workspaces/code/backend/payments-api/node_modules/mongodb/lib/core/auth/scram.js:177:16
    at _callback (/Users/caiomajdalani/Workspaces/code/backend/payments-api/node_modules/mongodb/lib/core/connection/connect.js:320:5)
    at Connection.messageHandler (/Users/caiomajdalani/Workspaces/code/backend/payments-api/node_modules/mongodb/lib/core/connection/connect.js:349:5)
    at Connection.emit (events.js:210:5)
    at processMessage (/Users/caiomajdalani/Workspaces/code/backend/payments-api/node_modules/mongodb/lib/core/connection/connection.js:368:10)
    at Socket.<anonymous> (/Users/caiomajdalani/Workspaces/code/backend/payments-api/node_modules/mongodb/lib/core/connection/connection.js:537:15)
    at Socket.emit (events.js:210:5)
    at addChunk (_stream_readable.js:308:12)
    at readableAddChunk (_stream_readable.js:289:11)
    at Socket.Readable.push (_stream_readable.js:223:10)
    at TCP.onStreamRead [as _originalOnread] (internal/stream_base_commons.js:182:23) {
  name: 'MongoNetworkError',
  [Symbol(mongoErrorContextSymbol)]: {}
}
(node:44092) [DEP0025] DeprecationWarning: sys is deprecated. Use util instead.
(node:44092) DeprecationWarning: current Server Discovery and Monitoring engine is deprecated, and will be removed in a future version. To use the new Server Discover and Monitoring engine, pass option { useUnifiedTopology: true } to the MongoClient constructor.
You have triggered an unhandledRejection, you may have forgotten to catch a Promise rejection:
MongoNetworkError: failed to connect to server [ds211275.mlab.com:11275] on first connect [MongoError: Authentication failed.
    at Function._getError (/Users/caiomajdalani/Workspaces/code/backend/payments-api/node_modules/mongodb/lib/core/auth/scram.js:125:14)
    at /Users/caiomajdalani/Workspaces/code/backend/payments-api/node_modules/mongodb/lib/core/auth/scram.js:175:31
    at _callback (/Users/caiomajdalani/Workspaces/code/backend/payments-api/node_modules/mongodb/lib/core/connection/connect.js:320:5)
    at Connection.messageHandler (/Users/caiomajdalani/Workspaces/code/backend/payments-api/node_modules/mongodb/lib/core/connection/connect.js:349:5)
    at Connection.emit (events.js:210:5)
    at processMessage (/Users/caiomajdalani/Workspaces/code/backend/payments-api/node_modules/mongodb/lib/core/connection/connection.js:368:10)
    at Socket.<anonymous> (/Users/caiomajdalani/Workspaces/code/backend/payments-api/node_modules/mongodb/lib/core/connection/connection.js:537:15)
    at Socket.emit (events.js:210:5)
    at addChunk (_stream_readable.js:308:12)
    at readableAddChunk (_stream_readable.js:289:11)
    at Socket.Readable.push (_stream_readable.js:223:10)
    at TCP.onStreamRead [as _originalOnread] (internal/stream_base_commons.js:182:23) {
  name: 'MongoError',
  [Symbol(mongoErrorContextSymbol)]: {}
}]
    at Pool.<anonymous> (/Users/caiomajdalani/Workspaces/code/backend/payments-api/node_modules/mongodb/lib/core/topologies/server.js:433:11)
    at Pool.emit (events.js:210:5)
    at /Users/caiomajdalani/Workspaces/code/backend/payments-api/node_modules/mongodb/lib/core/connection/pool.js:571:14
    at /Users/caiomajdalani/Workspaces/code/backend/payments-api/node_modules/mongodb/lib/core/connection/pool.js:994:11
    at callback (/Users/caiomajdalani/Workspaces/code/backend/payments-api/node_modules/mongodb/lib/core/connection/connect.js:110:5)
    at /Users/caiomajdalani/Workspaces/code/backend/payments-api/node_modules/mongodb/lib/core/connection/connect.js:367:21
    at /Users/caiomajdalani/Workspaces/code/backend/payments-api/node_modules/mongodb/lib/core/auth/auth_provider.js:66:11
    at /Users/caiomajdalani/Workspaces/code/backend/payments-api/node_modules/mongodb/lib/core/auth/scram.js:177:16
    at _callback (/Users/caiomajdalani/Workspaces/code/backend/payments-api/node_modules/mongodb/lib/core/connection/connect.js:320:5)
    at Connection.messageHandler (/Users/caiomajdalani/Workspaces/code/backend/payments-api/node_modules/mongodb/lib/core/connection/connect.js:349:5)
    at Connection.emit (events.js:210:5)
    at processMessage (/Users/caiomajdalani/Workspaces/code/backend/payments-api/node_modules/mongodb/lib/core/connection/connection.js:368:10)
    at Socket.<anonymous> (/Users/caiomajdalani/Workspaces/code/backend/payments-api/node_modules/mongodb/lib/core/connection/connection.js:537:15)
    at Socket.emit (events.js:210:5)
    at addChunk (_stream_readable.js:308:12)
    at readableAddChunk (_stream_readable.js:289:11)
    at Socket.Readable.push (_stream_readable.js:223:10)
    at TCP.onStreamRead [as _originalOnread] (internal/stream_base_commons.js:182:23)
[*] REASON =>  MongoNetworkError: failed to connect to server [ds211275.mlab.com:11275] on first connect [MongoError: Authentication failed.
    at Function._getError (/Users/caiomajdalani/Workspaces/code/backend/payments-api/node_modules/mongodb/lib/core/auth/scram.js:125:14)
    at /Users/caiomajdalani/Workspaces/code/backend/payments-api/node_modules/mongodb/lib/core/auth/scram.js:175:31
    at _callback (/Users/caiomajdalani/Workspaces/code/backend/payments-api/node_modules/mongodb/lib/core/connection/connect.js:320:5)
    at Connection.messageHandler (/Users/caiomajdalani/Workspaces/code/backend/payments-api/node_modules/mongodb/lib/core/connection/connect.js:349:5)
    at Connection.emit (events.js:210:5)
    at processMessage (/Users/caiomajdalani/Workspaces/code/backend/payments-api/node_modules/mongodb/lib/core/connection/connection.js:368:10)
    at Socket.<anonymous> (/Users/caiomajdalani/Workspaces/code/backend/payments-api/node_modules/mongodb/lib/core/connection/connection.js:537:15)
    at Socket.emit (events.js:210:5)
    at addChunk (_stream_readable.js:308:12)
    at readableAddChunk (_stream_readable.js:289:11)
    at Socket.Readable.push (_stream_readable.js:223:10)
    at TCP.onStreamRead [as _originalOnread] (internal/stream_base_commons.js:182:23) {
  name: 'MongoError',
  [Symbol(mongoErrorContextSymbol)]: {}
}]
    at Pool.<anonymous> (/Users/caiomajdalani/Workspaces/code/backend/payments-api/node_modules/mongodb/lib/core/topologies/server.js:433:11)
    at Pool.emit (events.js:210:5)
    at /Users/caiomajdalani/Workspaces/code/backend/payments-api/node_modules/mongodb/lib/core/connection/pool.js:571:14
    at /Users/caiomajdalani/Workspaces/code/backend/payments-api/node_modules/mongodb/lib/core/connection/pool.js:994:11
    at callback (/Users/caiomajdalani/Workspaces/code/backend/payments-api/node_modules/mongodb/lib/core/connection/connect.js:110:5)
    at /Users/caiomajdalani/Workspaces/code/backend/payments-api/node_modules/mongodb/lib/core/connection/connect.js:367:21
    at /Users/caiomajdalani/Workspaces/code/backend/payments-api/node_modules/mongodb/lib/core/auth/auth_provider.js:66:11
    at /Users/caiomajdalani/Workspaces/code/backend/payments-api/node_modules/mongodb/lib/core/auth/scram.js:177:16
    at _callback (/Users/caiomajdalani/Workspaces/code/backend/payments-api/node_modules/mongodb/lib/core/connection/connect.js:320:5)
    at Connection.messageHandler (/Users/caiomajdalani/Workspaces/code/backend/payments-api/node_modules/mongodb/lib/core/connection/connect.js:349:5)
    at Connection.emit (events.js:210:5)
    at processMessage (/Users/caiomajdalani/Workspaces/code/backend/payments-api/node_modules/mongodb/lib/core/connection/connection.js:368:10)
    at Socket.<anonymous> (/Users/caiomajdalani/Workspaces/code/backend/payments-api/node_modules/mongodb/lib/core/connection/connection.js:537:15)
    at Socket.emit (events.js:210:5)
    at addChunk (_stream_readable.js:308:12)
    at readableAddChunk (_stream_readable.js:289:11)
    at Socket.Readable.push (_stream_readable.js:223:10)
    at TCP.onStreamRead [as _originalOnread] (internal/stream_base_commons.js:182:23) {
  name: 'MongoNetworkError',
  [Symbol(mongoErrorContextSymbol)]: {}
}
(node:44098) [DEP0025] DeprecationWarning: sys is deprecated. Use util instead.
(node:44098) DeprecationWarning: current Server Discovery and Monitoring engine is deprecated, and will be removed in a future version. To use the new Server Discover and Monitoring engine, pass option { useUnifiedTopology: true } to the MongoClient constructor.
You have triggered an unhandledRejection, you may have forgotten to catch a Promise rejection:
MongoNetworkError: failed to connect to server [ds211275.mlab.com:11275] on first connect [MongoError: Authentication failed.
    at Function._getError (/Users/caiomajdalani/Workspaces/code/backend/payments-api/node_modules/mongodb/lib/core/auth/scram.js:125:14)
    at /Users/caiomajdalani/Workspaces/code/backend/payments-api/node_modules/mongodb/lib/core/auth/scram.js:175:31
    at _callback (/Users/caiomajdalani/Workspaces/code/backend/payments-api/node_modules/mongodb/lib/core/connection/connect.js:320:5)
    at Connection.messageHandler (/Users/caiomajdalani/Workspaces/code/backend/payments-api/node_modules/mongodb/lib/core/connection/connect.js:349:5)
    at Connection.emit (events.js:210:5)
    at processMessage (/Users/caiomajdalani/Workspaces/code/backend/payments-api/node_modules/mongodb/lib/core/connection/connection.js:368:10)
    at Socket.<anonymous> (/Users/caiomajdalani/Workspaces/code/backend/payments-api/node_modules/mongodb/lib/core/connection/connection.js:537:15)
    at Socket.emit (events.js:210:5)
    at addChunk (_stream_readable.js:308:12)
    at readableAddChunk (_stream_readable.js:289:11)
    at Socket.Readable.push (_stream_readable.js:223:10)
    at TCP.onStreamRead [as _originalOnread] (internal/stream_base_commons.js:182:23) {
  name: 'MongoError',
  [Symbol(mongoErrorContextSymbol)]: {}
}]
    at Pool.<anonymous> (/Users/caiomajdalani/Workspaces/code/backend/payments-api/node_modules/mongodb/lib/core/topologies/server.js:433:11)
    at Pool.emit (events.js:210:5)
    at /Users/caiomajdalani/Workspaces/code/backend/payments-api/node_modules/mongodb/lib/core/connection/pool.js:571:14
    at /Users/caiomajdalani/Workspaces/code/backend/payments-api/node_modules/mongodb/lib/core/connection/pool.js:994:11
    at callback (/Users/caiomajdalani/Workspaces/code/backend/payments-api/node_modules/mongodb/lib/core/connection/connect.js:110:5)
    at /Users/caiomajdalani/Workspaces/code/backend/payments-api/node_modules/mongodb/lib/core/connection/connect.js:367:21
    at /Users/caiomajdalani/Workspaces/code/backend/payments-api/node_modules/mongodb/lib/core/auth/auth_provider.js:66:11
    at /Users/caiomajdalani/Workspaces/code/backend/payments-api/node_modules/mongodb/lib/core/auth/scram.js:177:16
    at _callback (/Users/caiomajdalani/Workspaces/code/backend/payments-api/node_modules/mongodb/lib/core/connection/connect.js:320:5)
    at Connection.messageHandler (/Users/caiomajdalani/Workspaces/code/backend/payments-api/node_modules/mongodb/lib/core/connection/connect.js:349:5)
    at Connection.emit (events.js:210:5)
    at processMessage (/Users/caiomajdalani/Workspaces/code/backend/payments-api/node_modules/mongodb/lib/core/connection/connection.js:368:10)
    at Socket.<anonymous> (/Users/caiomajdalani/Workspaces/code/backend/payments-api/node_modules/mongodb/lib/core/connection/connection.js:537:15)
    at Socket.emit (events.js:210:5)
    at addChunk (_stream_readable.js:308:12)
    at readableAddChunk (_stream_readable.js:289:11)
    at Socket.Readable.push (_stream_readable.js:223:10)
    at TCP.onStreamRead [as _originalOnread] (internal/stream_base_commons.js:182:23)
[*] REASON =>  MongoNetworkError: failed to connect to server [ds211275.mlab.com:11275] on first connect [MongoError: Authentication failed.
    at Function._getError (/Users/caiomajdalani/Workspaces/code/backend/payments-api/node_modules/mongodb/lib/core/auth/scram.js:125:14)
    at /Users/caiomajdalani/Workspaces/code/backend/payments-api/node_modules/mongodb/lib/core/auth/scram.js:175:31
    at _callback (/Users/caiomajdalani/Workspaces/code/backend/payments-api/node_modules/mongodb/lib/core/connection/connect.js:320:5)
    at Connection.messageHandler (/Users/caiomajdalani/Workspaces/code/backend/payments-api/node_modules/mongodb/lib/core/connection/connect.js:349:5)
    at Connection.emit (events.js:210:5)
    at processMessage (/Users/caiomajdalani/Workspaces/code/backend/payments-api/node_modules/mongodb/lib/core/connection/connection.js:368:10)
    at Socket.<anonymous> (/Users/caiomajdalani/Workspaces/code/backend/payments-api/node_modules/mongodb/lib/core/connection/connection.js:537:15)
    at Socket.emit (events.js:210:5)
    at addChunk (_stream_readable.js:308:12)
    at readableAddChunk (_stream_readable.js:289:11)
    at Socket.Readable.push (_stream_readable.js:223:10)
    at TCP.onStreamRead [as _originalOnread] (internal/stream_base_commons.js:182:23) {
  name: 'MongoError',
  [Symbol(mongoErrorContextSymbol)]: {}
}]
    at Pool.<anonymous> (/Users/caiomajdalani/Workspaces/code/backend/payments-api/node_modules/mongodb/lib/core/topologies/server.js:433:11)
    at Pool.emit (events.js:210:5)
    at /Users/caiomajdalani/Workspaces/code/backend/payments-api/node_modules/mongodb/lib/core/connection/pool.js:571:14
    at /Users/caiomajdalani/Workspaces/code/backend/payments-api/node_modules/mongodb/lib/core/connection/pool.js:994:11
    at callback (/Users/caiomajdalani/Workspaces/code/backend/payments-api/node_modules/mongodb/lib/core/connection/connect.js:110:5)
    at /Users/caiomajdalani/Workspaces/code/backend/payments-api/node_modules/mongodb/lib/core/connection/connect.js:367:21
    at /Users/caiomajdalani/Workspaces/code/backend/payments-api/node_modules/mongodb/lib/core/auth/auth_provider.js:66:11
    at /Users/caiomajdalani/Workspaces/code/backend/payments-api/node_modules/mongodb/lib/core/auth/scram.js:177:16
    at _callback (/Users/caiomajdalani/Workspaces/code/backend/payments-api/node_modules/mongodb/lib/core/connection/connect.js:320:5)
    at Connection.messageHandler (/Users/caiomajdalani/Workspaces/code/backend/payments-api/node_modules/mongodb/lib/core/connection/connect.js:349:5)
    at Connection.emit (events.js:210:5)
    at processMessage (/Users/caiomajdalani/Workspaces/code/backend/payments-api/node_modules/mongodb/lib/core/connection/connection.js:368:10)
    at Socket.<anonymous> (/Users/caiomajdalani/Workspaces/code/backend/payments-api/node_modules/mongodb/lib/core/connection/connection.js:537:15)
    at Socket.emit (events.js:210:5)
    at addChunk (_stream_readable.js:308:12)
    at readableAddChunk (_stream_readable.js:289:11)
    at Socket.Readable.push (_stream_readable.js:223:10)
    at TCP.onStreamRead [as _originalOnread] (internal/stream_base_commons.js:182:23) {
  name: 'MongoNetworkError',
  [Symbol(mongoErrorContextSymbol)]: {}
}
(node:44128) [DEP0025] DeprecationWarning: sys is deprecated. Use util instead.
(node:44128) DeprecationWarning: current Server Discovery and Monitoring engine is deprecated, and will be removed in a future version. To use the new Server Discover and Monitoring engine, pass option { useUnifiedTopology: true } to the MongoClient constructor.
